# JRE version: Java(TM) SE Runtime Environment (8.0_144-b01) (build 1.8.0_144-b01)
# Java VM: Java HotSpot(TM) 64-Bit Server VM (25.144-b01 mixed mode windows-amd64 compressed oops)
Heap:
 PSYoungGen      total 305664K, used 73529K [0x00000000eab00000, 0x0000000100000000, 0x0000000100000000)
  eden space 262144K, 28% used [0x00000000eab00000,0x00000000ef2ce710,0x00000000fab00000)
  from space 43520K, 0% used [0x00000000fd580000,0x00000000fd580000,0x0000000100000000)
  to   space 43520K, 0% used [0x00000000fab00000,0x00000000fab00000,0x00000000fd580000)
 ParOldGen       total 699392K, used 16764K [0x00000000c0000000, 0x00000000eab00000, 0x00000000eab00000)
  object space 699392K, 2% used [0x00000000c0000000,0x00000000c105f2e8,0x00000000eab00000)
 Metaspace       used 41642K, capacity 43961K, committed 44120K, reserved 1087488K
  class space    used 5604K, capacity 5884K, committed 5976K, reserved 1048576K
GC Heap History (8 events):
Event: 1.838 GC heap before
{Heap before GC invocations=1 (full 0):
 PSYoungGen      total 305664K, used 68158K [0x00000000eab00000, 0x0000000100000000, 0x0000000100000000)
  eden space 262144K, 26% used [0x00000000eab00000,0x00000000eed8f820,0x00000000fab00000)
  from space 43520K, 0% used [0x00000000fd580000,0x00000000fd580000,0x0000000100000000)
  to   space 43520K, 0% used [0x00000000fab00000,0x00000000fab00000,0x00000000fd580000)
 ParOldGen       total 699392K, used 0K [0x00000000c0000000, 0x00000000eab00000, 0x00000000eab00000)
  object space 699392K, 0% used [0x00000000c0000000,0x00000000c0000000,0x00000000eab00000)
 Metaspace       used 19945K, capacity 21092K, committed 21248K, reserved 1067008K
  class space    used 2791K, capacity 2957K, committed 3072K, reserved 1048576K
Event: 1.852 GC heap after
Heap after GC invocations=1 (full 0):
 PSYoungGen      total 305664K, used 12565K [0x00000000eab00000, 0x0000000100000000, 0x0000000100000000)
  eden space 262144K, 0% used [0x00000000eab00000,0x00000000eab00000,0x00000000fab00000)
  from space 43520K, 28% used [0x00000000fab00000,0x00000000fb745410,0x00000000fd580000)
  to   space 43520K, 0% used [0x00000000fd580000,0x00000000fd580000,0x0000000100000000)
 ParOldGen       total 699392K, used 24K [0x00000000c0000000, 0x00000000eab00000, 0x00000000eab00000)
  object space 699392K, 0% used [0x00000000c0000000,0x00000000c0006000,0x00000000eab00000)
 Metaspace       used 19945K, capacity 21092K, committed 21248K, reserved 1067008K
  class space    used 2791K, capacity 2957K, committed 3072K, reserved 1048576K
}
Event: 1.852 GC heap before
{Heap before GC invocations=2 (full 1):
 PSYoungGen      total 305664K, used 12565K [0x00000000eab00000, 0x0000000100000000, 0x0000000100000000)
  eden space 262144K, 0% used [0x00000000eab00000,0x00000000eab00000,0x00000000fab00000)
  from space 43520K, 28% used [0x00000000fab00000,0x00000000fb745410,0x00000000fd580000)
  to   space 43520K, 0% used [0x00000000fd580000,0x00000000fd580000,0x0000000100000000)
 ParOldGen       total 699392K, used 24K [0x00000000c0000000, 0x00000000eab00000, 0x00000000eab00000)
  object space 699392K, 0% used [0x00000000c0000000,0x00000000c0006000,0x00000000eab00000)
 Metaspace       used 19945K, capacity 21092K, committed 21248K, reserved 1067008K
  class space    used 2791K, capacity 2957K, committed 3072K, reserved 1048576K
Event: 1.875 GC heap after
Heap after GC invocations=2 (full 1):
 PSYoungGen      total 305664K, used 0K [0x00000000eab00000, 0x0000000100000000, 0x0000000100000000)
  eden space 262144K, 0% used [0x00000000eab00000,0x00000000eab00000,0x00000000fab00000)
  from space 43520K, 0% used [0x00000000fab00000,0x00000000fab00000,0x00000000fd580000)
  to   space 43520K, 0% used [0x00000000fd580000,0x00000000fd580000,0x0000000100000000)
 ParOldGen       total 699392K, used 11842K [0x00000000c0000000, 0x00000000eab00000, 0x00000000eab00000)
  object space 699392K, 1% used [0x00000000c0000000,0x00000000c0b90b20,0x00000000eab00000)
 Metaspace       used 19941K, capacity 21086K, committed 21248K, reserved 1067008K
  class space    used 2790K, capacity 2956K, committed 3072K, reserved 1048576K
}
Event: 2.908 GC heap before
{Heap before GC invocations=3 (full 1):
 PSYoungGen      total 305664K, used 78643K [0x00000000eab00000, 0x0000000100000000, 0x0000000100000000)
  eden space 262144K, 30% used [0x00000000eab00000,0x00000000ef7ccfd0,0x00000000fab00000)
  from space 43520K, 0% used [0x00000000fab00000,0x00000000fab00000,0x00000000fd580000)
  to   space 43520K, 0% used [0x00000000fd580000,0x00000000fd580000,0x0000000100000000)
 ParOldGen       total 699392K, used 11842K [0x00000000c0000000, 0x00000000eab00000, 0x00000000eab00000)
  object space 699392K, 1% used [0x00000000c0000000,0x00000000c0b90b20,0x00000000eab00000)
 Metaspace       used 33713K, capacity 35311K, committed 35416K, reserved 1079296K
  class space    used 4685K, capacity 4901K, committed 4952K, reserved 1048576K
Event: 2.925 GC heap after
Heap after GC invocations=3 (full 1):
 PSYoungGen      total 305664K, used 14259K [0x00000000eab00000, 0x0000000100000000, 0x0000000100000000)
  eden space 262144K, 0% used [0x00000000eab00000,0x00000000eab00000,0x00000000fab00000)
  from space 43520K, 32% used [0x00000000fd580000,0x00000000fe36cc08,0x0000000100000000)
  to   space 43520K, 0% used [0x00000000fab00000,0x00000000fab00000,0x00000000fd580000)
 ParOldGen       total 699392K, used 11850K [0x00000000c0000000, 0x00000000eab00000, 0x00000000eab00000)
  object space 699392K, 1% used [0x00000000c0000000,0x00000000c0b92b20,0x00000000eab00000)
 Metaspace       used 33713K, capacity 35311K, committed 35416K, reserved 1079296K
  class space    used 4685K, capacity 4901K, committed 4952K, reserved 1048576K
}
Event: 2.925 GC heap before
{Heap before GC invocations=4 (full 2):
 PSYoungGen      total 305664K, used 14259K [0x00000000eab00000, 0x0000000100000000, 0x0000000100000000)
  eden space 262144K, 0% used [0x00000000eab00000,0x00000000eab00000,0x00000000fab00000)
  from space 43520K, 32% used [0x00000000fd580000,0x00000000fe36cc08,0x0000000100000000)
  to   space 43520K, 0% used [0x00000000fab00000,0x00000000fab00000,0x00000000fd580000)
 ParOldGen       total 699392K, used 11850K [0x00000000c0000000, 0x00000000eab00000, 0x00000000eab00000)
  object space 699392K, 1% used [0x00000000c0000000,0x00000000c0b92b20,0x00000000eab00000)
 Metaspace       used 33713K, capacity 35311K, committed 35416K, reserved 1079296K
  class space    used 4685K, capacity 4901K, committed 4952K, reserved 1048576K
Event: 2.965 GC heap after
Heap after GC invocations=4 (full 2):
 PSYoungGen      total 305664K, used 0K [0x00000000eab00000, 0x0000000100000000, 0x0000000100000000)
  eden space 262144K, 0% used [0x00000000eab00000,0x00000000eab00000,0x00000000fab00000)
  from space 43520K, 0% used [0x00000000fd580000,0x00000000fd580000,0x0000000100000000)
  to   space 43520K, 0% used [0x00000000fab00000,0x00000000fab00000,0x00000000fd580000)
 ParOldGen       total 699392K, used 16764K [0x00000000c0000000, 0x00000000eab00000, 0x00000000eab00000)
  object space 699392K, 2% used [0x00000000c0000000,0x00000000c105f2e8,0x00000000eab00000)
 Metaspace       used 33713K, capacity 35311K, committed 35416K, reserved 1079296K
  class space    used 4685K, capacity 4901K, committed 4952K, reserved 1048576K
}

